# JRE version: OpenJDK Runtime Environment (8.0_152-b01) (build 1.8.0_152-release-1024-b01)
# Java VM: OpenJDK 64-Bit Server VM (25.152-b01 mixed mode linux-amd64 compressed oops)
Heap:
 PSYoungGen      total 202240K, used 7664K [0x0000000781d00000, 0x000000078ea00000, 0x00000007c0000000)
  eden space 194560K, 0% used [0x0000000781d00000,0x0000000781d00000,0x000000078db00000)
  from space 7680K, 99% used [0x000000078db00000,0x000000078e27c030,0x000000078e280000)
  to   space 7680K, 0% used [0x000000078e280000,0x000000078e280000,0x000000078ea00000)
 ParOldGen       total 128512K, used 65410K [0x0000000705600000, 0x000000070d380000, 0x0000000781d00000)
  object space 128512K, 50% used [0x0000000705600000,0x00000007095e0870,0x000000070d380000)
 Metaspace       used 3769K, capacity 5144K, committed 5376K, reserved 1056768K
  class space    used 390K, capacity 456K, committed 512K, reserved 1048576K
GC Heap History (9 events):
Event: 1,478 GC heap before
{Heap before GC invocations=1 (full 0):
 PSYoungGen      total 56320K, used 48640K [0x0000000781d00000, 0x0000000785b80000, 0x00000007c0000000)
  eden space 48640K, 100% used [0x0000000781d00000,0x0000000784c80000,0x0000000784c80000)
  from space 7680K, 0% used [0x0000000785400000,0x0000000785400000,0x0000000785b80000)
  to   space 7680K, 0% used [0x0000000784c80000,0x0000000784c80000,0x0000000785400000)
 ParOldGen       total 128512K, used 0K [0x0000000705600000, 0x000000070d380000, 0x0000000781d00000)
  object space 128512K, 0% used [0x0000000705600000,0x0000000705600000,0x000000070d380000)
 Metaspace       used 3706K, capacity 5144K, committed 5376K, reserved 1056768K
  class space    used 384K, capacity 456K, committed 512K, reserved 1048576K
Event: 1,494 GC heap after
Heap after GC invocations=1 (full 0):
 PSYoungGen      total 56320K, used 5976K [0x0000000781d00000, 0x0000000788b00000, 0x00000007c0000000)
  eden space 48640K, 0% used [0x0000000781d00000,0x0000000781d00000,0x0000000784c80000)
  from space 7680K, 77% used [0x0000000784c80000,0x00000007852563d8,0x0000000785400000)
  to   space 7680K, 0% used [0x0000000788380000,0x0000000788380000,0x0000000788b00000)
 ParOldGen       total 128512K, used 8K [0x0000000705600000, 0x000000070d380000, 0x0000000781d00000)
  object space 128512K, 0% used [0x0000000705600000,0x0000000705602000,0x000000070d380000)
 Metaspace       used 3706K, capacity 5144K, committed 5376K, reserved 1056768K
  class space    used 384K, capacity 456K, committed 512K, reserved 1048576K
}
Event: 2,093 GC heap before
{Heap before GC invocations=2 (full 0):
 PSYoungGen      total 56320K, used 54616K [0x0000000781d00000, 0x0000000788b00000, 0x00000007c0000000)
  eden space 48640K, 100% used [0x0000000781d00000,0x0000000784c80000,0x0000000784c80000)
  from space 7680K, 77% used [0x0000000784c80000,0x00000007852563d8,0x0000000785400000)
  to   space 7680K, 0% used [0x0000000788380000,0x0000000788380000,0x0000000788b00000)
 ParOldGen       total 128512K, used 8K [0x0000000705600000, 0x000000070d380000, 0x0000000781d00000)
  object space 128512K, 0% used [0x0000000705600000,0x0000000705602000,0x000000070d380000)
 Metaspace       used 3740K, capacity 5144K, committed 5376K, reserved 1056768K
  class space    used 388K, capacity 456K, committed 512K, reserved 1048576K
Event: 2,115 GC heap after
Heap after GC invocations=2 (full 0):
 PSYoungGen      total 104960K, used 7674K [0x0000000781d00000, 0x0000000788b00000, 0x00000007c0000000)
  eden space 97280K, 0% used [0x0000000781d00000,0x0000000781d00000,0x0000000787c00000)
  from space 7680K, 99% used [0x0000000788380000,0x0000000788afeb90,0x0000000788b00000)
  to   space 7680K, 0% used [0x0000000787c00000,0x0000000787c00000,0x0000000788380000)
 ParOldGen       total 128512K, used 1929K [0x0000000705600000, 0x000000070d380000, 0x0000000781d00000)
  object space 128512K, 1% used [0x0000000705600000,0x00000007057e2750,0x000000070d380000)
 Metaspace       used 3740K, capacity 5144K, committed 5376K, reserved 1056768K
  class space    used 388K, capacity 456K, committed 512K, reserved 1048576K
}
Event: 2,934 GC heap before
{Heap before GC invocations=3 (full 0):
 PSYoungGen      total 104960K, used 104954K [0x0000000781d00000, 0x0000000788b00000, 0x00000007c0000000)
  eden space 97280K, 100% used [0x0000000781d00000,0x0000000787c00000,0x0000000787c00000)
  from space 7680K, 99% used [0x0000000788380000,0x0000000788afeb90,0x0000000788b00000)
  to   space 7680K, 0% used [0x0000000787c00000,0x0000000787c00000,0x0000000788380000)
 ParOldGen       total 128512K, used 1929K [0x0000000705600000, 0x000000070d380000, 0x0000000781d00000)
  object space 128512K, 1% used [0x0000000705600000,0x00000007057e2750,0x000000070d380000)
 Metaspace       used 3741K, capacity 5144K, committed 5376K, reserved 1056768K
  class space    used 388K, capacity 456K, committed 512K, reserved 1048576K
Event: 2,982 GC heap after
Heap after GC invocations=3 (full 0):
 PSYoungGen      total 104960K, used 7652K [0x0000000781d00000, 0x000000078ea00000, 0x00000007c0000000)
  eden space 97280K, 0% used [0x0000000781d00000,0x0000000781d00000,0x0000000787c00000)
  from space 7680K, 99% used [0x0000000787c00000,0x0000000788379050,0x0000000788380000)
  to   space 7680K, 0% used [0x000000078e280000,0x000000078e280000,0x000000078ea00000)
 ParOldGen       total 128512K, used 17079K [0x0000000705600000, 0x000000070d380000, 0x0000000781d00000)
  object space 128512K, 13% used [0x0000000705600000,0x00000007066adca0,0x000000070d380000)
 Metaspace       used 3741K, capacity 5144K, committed 5376K, reserved 1056768K
  class space    used 388K, capacity 456K, committed 512K, reserved 1048576K
}
Event: 3,742 GC heap before
{Heap before GC invocations=4 (full 0):
 PSYoungGen      total 104960K, used 104932K [0x0000000781d00000, 0x000000078ea00000, 0x00000007c0000000)
  eden space 97280K, 100% used [0x0000000781d00000,0x0000000787c00000,0x0000000787c00000)
  from space 7680K, 99% used [0x0000000787c00000,0x0000000788379050,0x0000000788380000)
  to   space 7680K, 0% used [0x000000078e280000,0x000000078e280000,0x000000078ea00000)
 ParOldGen       total 128512K, used 17079K [0x0000000705600000, 0x000000070d380000, 0x0000000781d00000)
  object space 128512K, 13% used [0x0000000705600000,0x00000007066adca0,0x000000070d380000)
 Metaspace       used 3746K, capacity 5144K, committed 5376K, reserved 1056768K
  class space    used 388K, capacity 456K, committed 512K, reserved 1048576K
Event: 3,806 GC heap after
Heap after GC invocations=4 (full 0):
 PSYoungGen      total 202240K, used 7652K [0x0000000781d00000, 0x000000078ea00000, 0x00000007c0000000)
  eden space 194560K, 0% used [0x0000000781d00000,0x0000000781d00000,0x000000078db00000)
  from space 7680K, 99% used [0x000000078e280000,0x000000078e9f9050,0x000000078ea00000)
  to   space 7680K, 0% used [0x000000078db00000,0x000000078db00000,0x000000078e280000)
 ParOldGen       total 128512K, used 33400K [0x0000000705600000, 0x000000070d380000, 0x0000000781d00000)
  object space 128512K, 25% used [0x0000000705600000,0x000000070769e3e8,0x000000070d380000)
 Metaspace       used 3746K, capacity 5144K, committed 5376K, reserved 1056768K
  class space    used 388K, capacity 456K, committed 512K, reserved 1048576K
}
Event: 5,503 GC heap before
{Heap before GC invocations=5 (full 0):
 PSYoungGen      total 202240K, used 202212K [0x0000000781d00000, 0x000000078ea00000, 0x00000007c0000000)
  eden space 194560K, 100% used [0x0000000781d00000,0x000000078db00000,0x000000078db00000)
  from space 7680K, 99% used [0x000000078e280000,0x000000078e9f9050,0x000000078ea00000)
  to   space 7680K, 0% used [0x000000078db00000,0x000000078db00000,0x000000078e280000)
 ParOldGen       total 128512K, used 33400K [0x0000000705600000, 0x000000070d380000, 0x0000000781d00000)
  object space 128512K, 25% used [0x0000000705600000,0x000000070769e3e8,0x000000070d380000)
 Metaspace       used 3769K, capacity 5144K, committed 5376K, reserved 1056768K
  class space    used 390K, capacity 456K, committed 512K, reserved 1048576K

